e:\学习\code\driver\wdmdemo\wdmdemo\x64\debug\vc142.pdb
e:\学习\code\driver\wdmdemo\wdmdemo\x64\debug\drivermain.obj
e:\学习\code\driver\wdmdemo\x64\debug\wdmdemo\wdmdemo.cat
e:\学习\code\driver\wdmdemo\x64\debug\wdmdemo.sys
e:\学习\code\driver\wdmdemo\x64\debug\wdmdemo.pdb
e:\学习\code\driver\wdmdemo\wdmdemo\x64\debug\wdmdemo.inf
e:\学习\code\driver\wdmdemo\x64\debug\wdmdemo.cer
e:\学习\code\driver\wdmdemo\x64\debug\wdmdemo.inf
e:\学习\code\driver\wdmdemo\wdmdemo\x64\debug\wdmdemo.tlog\cl.command.1.tlog
e:\学习\code\driver\wdmdemo\wdmdemo\x64\debug\wdmdemo.tlog\cl.read.1.tlog
e:\学习\code\driver\wdmdemo\wdmdemo\x64\debug\wdmdemo.tlog\cl.write.1.tlog
e:\学习\code\driver\wdmdemo\wdmdemo\x64\debug\wdmdemo.tlog\inf2cat-expand.12744.read.1.tlog
e:\学习\code\driver\wdmdemo\wdmdemo\x64\debug\wdmdemo.tlog\inf2cat-expand.12744.write.1.tlog
e:\学习\code\driver\wdmdemo\wdmdemo\x64\debug\wdmdemo.tlog\inf2cat-expand.read.1.tlog
e:\学习\code\driver\wdmdemo\wdmdemo\x64\debug\wdmdemo.tlog\inf2cat-expand.write.1.tlog
e:\学习\code\driver\wdmdemo\wdmdemo\x64\debug\wdmdemo.tlog\inf2cat.command.1.tlog
e:\学习\code\driver\wdmdemo\wdmdemo\x64\debug\wdmdemo.tlog\inf2cat.read.1.tlog
e:\学习\code\driver\wdmdemo\wdmdemo\x64\debug\wdmdemo.tlog\inf2cat.write.1.tlog
e:\学习\code\driver\wdmdemo\wdmdemo\x64\debug\wdmdemo.tlog\link.command.1.tlog
e:\学习\code\driver\wdmdemo\wdmdemo\x64\debug\wdmdemo.tlog\link.read.1.tlog
e:\学习\code\driver\wdmdemo\wdmdemo\x64\debug\wdmdemo.tlog\link.write.1.tlog
e:\学习\code\driver\wdmdemo\wdmdemo\x64\debug\wdmdemo.tlog\signtool.command.1.tlog
e:\学习\code\driver\wdmdemo\wdmdemo\x64\debug\wdmdemo.tlog\signtool.read.1.tlog
e:\学习\code\driver\wdmdemo\wdmdemo\x64\debug\wdmdemo.tlog\signtool.timestamp.1.tlog
e:\学习\code\driver\wdmdemo\wdmdemo\x64\debug\wdmdemo.tlog\signtool.write.1.tlog
e:\学习\code\driver\wdmdemo\wdmdemo\x64\debug\wdmdemo.tlog\stampinf.command.1.tlog
e:\学习\code\driver\wdmdemo\wdmdemo\x64\debug\wdmdemo.tlog\stampinf.read.1.tlog
e:\学习\code\driver\wdmdemo\wdmdemo\x64\debug\wdmdemo.tlog\stampinf.write.1.tlog
